# JRE version: OpenJDK Runtime Environment (17.0.8.1+1) (build 17.0.8.1+1-Ubuntu-0ubuntu120.04)
# Java VM: OpenJDK 64-Bit Server VM (17.0.8.1+1-Ubuntu-0ubuntu120.04, mixed mode, sharing, tiered, compressed oops, compressed class ptrs, g1 gc, linux-amd64)
GC Precious Log:
 CPUs: 4 total, 4 available
 Memory: 3825M
 Large Page Support: Disabled
 NUMA Support: Disabled
 Compressed Oops: Enabled (32-bit)
 Heap Region Size: 1M
 Heap Min Capacity: 256M
 Heap Initial Capacity: 256M
 Heap Max Capacity: 512M
 Pre-touch: Disabled
 Parallel Workers: 4
 Concurrent Workers: 1
 Concurrent Refinement Workers: 4
 Periodic GC: Disabled
Heap:
 garbage-first heap   total 262144K, used 160467K [0x00000000e0000000, 0x0000000100000000)
  region size 1024K, 40 young (40960K), 10 survivors (10240K)
 Metaspace       used 86630K, committed 87232K, reserved 458752K
  class space    used 11262K, committed 11520K, reserved 327680K
GC Heap History (20 events):
Event: 538,076 GC heap before
{Heap before GC invocations=20 (full 0):
 garbage-first heap   total 262144K, used 218473K [0x00000000e0000000, 0x0000000100000000)
  region size 1024K, 144 young (147456K), 8 survivors (8192K)
 Metaspace       used 80470K, committed 81088K, reserved 458752K
  class space    used 10595K, committed 10880K, reserved 327680K
}
Event: 538,261 GC heap after
{Heap after GC invocations=21 (full 0):
 garbage-first heap   total 262144K, used 96804K [0x00000000e0000000, 0x0000000100000000)
  region size 1024K, 18 young (18432K), 18 survivors (18432K)
 Metaspace       used 80470K, committed 81088K, reserved 458752K
  class space    used 10595K, committed 10880K, reserved 327680K
}
Event: 540,710 GC heap before
{Heap before GC invocations=21 (full 0):
 garbage-first heap   total 262144K, used 160292K [0x00000000e0000000, 0x0000000100000000)
  region size 1024K, 81 young (82944K), 18 survivors (18432K)
 Metaspace       used 82815K, committed 83456K, reserved 458752K
  class space    used 10870K, committed 11136K, reserved 327680K
}
Event: 540,891 GC heap after
{Heap after GC invocations=22 (full 0):
 garbage-first heap   total 262144K, used 102490K [0x00000000e0000000, 0x0000000100000000)
  region size 1024K, 6 young (6144K), 6 survivors (6144K)
 Metaspace       used 82815K, committed 83456K, reserved 458752K
  class space    used 10870K, committed 11136K, reserved 327680K
}
Event: 546,184 GC heap before
{Heap before GC invocations=22 (full 0):
 garbage-first heap   total 262144K, used 198746K [0x00000000e0000000, 0x0000000100000000)
  region size 1024K, 100 young (102400K), 6 survivors (6144K)
 Metaspace       used 86436K, committed 87104K, reserved 458752K
  class space    used 11245K, committed 11520K, reserved 327680K
}
Event: 546,275 GC heap after
{Heap after GC invocations=23 (full 0):
 garbage-first heap   total 262144K, used 112024K [0x00000000e0000000, 0x0000000100000000)
  region size 1024K, 13 young (13312K), 13 survivors (13312K)
 Metaspace       used 86436K, committed 87104K, reserved 458752K
  class space    used 11245K, committed 11520K, reserved 327680K
}
Event: 548,616 GC heap before
{Heap before GC invocations=23 (full 0):
 garbage-first heap   total 262144K, used 201112K [0x00000000e0000000, 0x0000000100000000)
  region size 1024K, 101 young (103424K), 13 survivors (13312K)
 Metaspace       used 86521K, committed 87168K, reserved 458752K
  class space    used 11248K, committed 11520K, reserved 327680K
}
Event: 548,730 GC heap after
{Heap after GC invocations=24 (full 0):
 garbage-first heap   total 262144K, used 117790K [0x00000000e0000000, 0x0000000100000000)
  region size 1024K, 7 young (7168K), 7 survivors (7168K)
 Metaspace       used 86521K, committed 87168K, reserved 458752K
  class space    used 11248K, committed 11520K, reserved 327680K
}
Event: 550,101 GC heap before
{Heap before GC invocations=24 (full 0):
 garbage-first heap   total 262144K, used 205854K [0x00000000e0000000, 0x0000000100000000)
  region size 1024K, 93 young (95232K), 7 survivors (7168K)
 Metaspace       used 86527K, committed 87168K, reserved 458752K
  class space    used 11248K, committed 11520K, reserved 327680K
}
Event: 550,119 GC heap after
{Heap after GC invocations=25 (full 0):
 garbage-first heap   total 262144K, used 117954K [0x00000000e0000000, 0x0000000100000000)
  region size 1024K, 7 young (7168K), 7 survivors (7168K)
 Metaspace       used 86527K, committed 87168K, reserved 458752K
  class space    used 11248K, committed 11520K, reserved 327680K
}
Event: 550,907 GC heap before
{Heap before GC invocations=25 (full 0):
 garbage-first heap   total 262144K, used 209090K [0x00000000e0000000, 0x0000000100000000)
  region size 1024K, 96 young (98304K), 7 survivors (7168K)
 Metaspace       used 86533K, committed 87168K, reserved 458752K
  class space    used 11248K, committed 11520K, reserved 327680K
}
Event: 550,921 GC heap after
{Heap after GC invocations=26 (full 0):
 garbage-first heap   total 262144K, used 119162K [0x00000000e0000000, 0x0000000100000000)
  region size 1024K, 5 young (5120K), 5 survivors (5120K)
 Metaspace       used 86533K, committed 87168K, reserved 458752K
  class space    used 11248K, committed 11520K, reserved 327680K
}
Event: 551,568 GC heap before
{Heap before GC invocations=26 (full 0):
 garbage-first heap   total 262144K, used 211322K [0x00000000e0000000, 0x0000000100000000)
  region size 1024K, 96 young (98304K), 5 survivors (5120K)
 Metaspace       used 86533K, committed 87168K, reserved 458752K
  class space    used 11248K, committed 11520K, reserved 327680K
}
Event: 551,584 GC heap after
{Heap after GC invocations=27 (full 0):
 garbage-first heap   total 262144K, used 120674K [0x00000000e0000000, 0x0000000100000000)
  region size 1024K, 7 young (7168K), 7 survivors (7168K)
 Metaspace       used 86533K, committed 87168K, reserved 458752K
  class space    used 11248K, committed 11520K, reserved 327680K
}
Event: 552,310 GC heap before
{Heap before GC invocations=27 (full 0):
 garbage-first heap   total 262144K, used 212834K [0x00000000e0000000, 0x0000000100000000)
  region size 1024K, 98 young (100352K), 7 survivors (7168K)
 Metaspace       used 86535K, committed 87168K, reserved 458752K
  class space    used 11248K, committed 11520K, reserved 327680K
}
Event: 552,333 GC heap after
{Heap after GC invocations=28 (full 0):
 garbage-first heap   total 262144K, used 123823K [0x00000000e0000000, 0x0000000100000000)
  region size 1024K, 10 young (10240K), 10 survivors (10240K)
 Metaspace       used 86535K, committed 87168K, reserved 458752K
  class space    used 11248K, committed 11520K, reserved 327680K
}
Event: 553,078 GC heap before
{Heap before GC invocations=28 (full 0):
 garbage-first heap   total 262144K, used 212911K [0x00000000e0000000, 0x0000000100000000)
  region size 1024K, 98 young (100352K), 10 survivors (10240K)
 Metaspace       used 86537K, committed 87168K, reserved 458752K
  class space    used 11248K, committed 11520K, reserved 327680K
}
Event: 553,124 GC heap after
{Heap after GC invocations=29 (full 0):
 garbage-first heap   total 262144K, used 126351K [0x00000000e0000000, 0x0000000100000000)
  region size 1024K, 9 young (9216K), 9 survivors (9216K)
 Metaspace       used 86537K, committed 87168K, reserved 458752K
  class space    used 11248K, committed 11520K, reserved 327680K
}
Event: 553,963 GC heap before
{Heap before GC invocations=29 (full 0):
 garbage-first heap   total 262144K, used 216463K [0x00000000e0000000, 0x0000000100000000)
  region size 1024K, 97 young (99328K), 9 survivors (9216K)
 Metaspace       used 86543K, committed 87168K, reserved 458752K
  class space    used 11249K, committed 11520K, reserved 327680K
}
Event: 554,012 GC heap after
{Heap after GC invocations=30 (full 0):
 garbage-first heap   total 262144K, used 130771K [0x00000000e0000000, 0x0000000100000000)
  region size 1024K, 10 young (10240K), 10 survivors (10240K)
 Metaspace       used 86543K, committed 87168K, reserved 458752K
  class space    used 11249K, committed 11520K, reserved 327680K
}

